  CourseMod.cpp
C:\Users\Admin\OneDrive\Documents\Clone and work\Folder for clone\course part\FinalProject\FinalProject\CourseMod.cpp(5,22): warning C4267: 'initializing': conversion from 'size_t' to 'int', possible loss of data
C:\Users\Admin\OneDrive\Documents\Clone and work\Folder for clone\course part\FinalProject\FinalProject\CourseMod.cpp(240,18): warning C4101: 'compr3': unreferenced local variable
C:\Users\Admin\OneDrive\Documents\Clone and work\Folder for clone\course part\FinalProject\FinalProject\CourseMod.cpp(239,20): warning C4101: 'compr2': unreferenced local variable
C:\Users\Admin\OneDrive\Documents\Clone and work\Folder for clone\course part\FinalProject\FinalProject\CourseMod.cpp(505,29): warning C4101: 'ch': unreferenced local variable
C:\Users\Admin\OneDrive\Documents\Clone and work\Folder for clone\course part\FinalProject\FinalProject\CourseMod.cpp(533,29): warning C4101: 'ch': unreferenced local variable
  ModClassAndStudent.cpp
  add_import_students.cpp
  checkUsers.cpp
  consoleEdit.cpp
C:\Users\Admin\OneDrive\Documents\Clone and work\Folder for clone\course part\FinalProject\FinalProject\consoleEdit.cpp(19,28): warning C4838: conversion from 'int' to 'SHORT' requires a narrowing conversion
C:\Users\Admin\OneDrive\Documents\Clone and work\Folder for clone\course part\FinalProject\FinalProject\consoleEdit.cpp(19,34): warning C4838: conversion from 'int' to 'SHORT' requires a narrowing conversion
  deleteData.cpp
  loadData.cpp
  main.cpp
  rewriteTextFile.cpp
  systemMenu.cpp
  viewData.cpp
  Generating Code...
C:\Users\Admin\OneDrive\Documents\Clone and work\Folder for clone\course part\FinalProject\FinalProject\viewData.cpp(105): warning C4715: 'inputCourse': not all control paths return a value
C:\Users\Admin\OneDrive\Documents\Clone and work\Folder for clone\course part\FinalProject\FinalProject\ModClassAndStudent.cpp(51): warning C4715: 'checkClass': not all control paths return a value
C:\Users\Admin\OneDrive\Documents\Clone and work\Folder for clone\course part\FinalProject\FinalProject\CourseMod.cpp(77): warning C4715: 'checkSemester': not all control paths return a value
C:\Users\Admin\OneDrive\Documents\Clone and work\Folder for clone\course part\FinalProject\FinalProject\CourseMod.cpp(141): warning C4715: 'checkCourse': not all control paths return a value
C:\Users\Admin\OneDrive\Documents\Clone and work\Folder for clone\course part\FinalProject\FinalProject\CourseMod.cpp(45): warning C4715: 'checkAcademicY': not all control paths return a value
C:\Users\Admin\OneDrive\Documents\Clone and work\Folder for clone\course part\FinalProject\FinalProject\CourseMod.cpp(173): warning C4715: 'checkStudent': not all control paths return a value
C:\Users\Admin\OneDrive\Documents\Clone and work\Folder for clone\course part\FinalProject\FinalProject\CourseMod.cpp(109): warning C4715: 'checkClassID': not all control paths return a value
C:\Users\Admin\OneDrive\Documents\Clone and work\Folder for clone\course part\FinalProject\FinalProject\CourseMod.cpp(232): warning C4715: 'correctDate': not all control paths return a value
  FinalProject.vcxproj -> C:\Users\Admin\OneDrive\Documents\Clone and work\Folder for clone\course part\FinalProject\x64\Debug\FinalProject.exe
